1.0336 	WARNING 	We strongly recommend you activate the PTB sound engine in PsychoPy prefs as the preferred audio engine. Its timing is vastly superior. Your prefs are currently set to use ['sounddevice', 'PTB', 'pyo', 'pygame'] (in that order).
23.7357 	EXP 	Created window1 = Window(allowGUI=False, allowStencil=False, autoLog=True, backendConf=UNKNOWN, bitsMode=UNKNOWN, blendMode='avg', bpc=(8, 8, 8), color=array([0, 0, 0]), colorSpace='rgb', depthBits=8, fullscr=<method-wrapper '__getattribute__' of attributeSetter object at 0x000001B9CF663EE0>, gamma=None, gammaErrorPolicy='raise', lms=UNKNOWN, monitor=<psychopy.monitors.calibTools.Monitor object at 0x000001B9CF6B5C10>, multiSample=False, name='window1', numSamples=2, pos=(0, 0), screen=0, size=array([1920, 1080]), stencilBits=0, stereo=False, units='height', useFBO=True, useRetina=False, viewOri=0.0, viewPos=None, viewScale=None, waitBlanking=True, winType='pyglet')
23.7358 	EXP 	window1: mouseVisible = True
23.7358 	EXP 	window1: Attempting to measure frame rate of screen (0) ...
23.7358 	EXP 	window1: recordFrameIntervals = False
23.9016 	EXP 	window1: recordFrameIntervals = True
24.0844 	EXP 	Screen (0) actual frame rate measured at 60.07Hz
24.0845 	EXP 	window1: recordFrameIntervals = False
24.5822 	EXP 	Created Inst = TextStim(__class__=<class 'psychopy.visual.text.TextStim'>, alignHoriz=method-wrapper(...), alignText='center', alignVert=method-wrapper(...), anchorHoriz='center', anchorVert='center', antialias=True, autoLog=True, bold=False, color=array([1., 1., 1.]), colorSpace='rgb', contrast=1.0, depth=0.0, flipHoriz=False, flipVert=False, font='Arial', fontFiles=[], height=0.1, italic=False, languageStyle='LTR', name='Inst', opacity=1, ori=0, pos=array([0., 0.]), rgb=UNKNOWN, text='Goal : Rating your current feeling', units='height', win=Window(...), wrapWidth=1)
25.1241 	EXP 	Created movie1 = MovieStim3(__class__=<class 'psychopy.visual.movie3.MovieStim3'>, anchor=('center', 'center'), autoLog=True, color=UNKNOWN, colorSpace=UNKNOWN, depth=0.0, filename=str(...), flipHoriz=False, flipVert=False, fps=UNKNOWN, interpolate=True, loop=False, name='movie1', noAudio=False, opacity=1, ori=method-wrapper(...), pos=array([  0., 130.]), size=None, units='pix', vframe_callback=UNKNOWN, volume=UNKNOWN, win=Window(...))
27.3316 	WARNING 	2.207498600007966: Video catchup needed, advancing self._nextFrameT from 0.0 to 0.03333333333333333
27.3316 	WARNING 	2.2075218000099994: Video catchup needed, advancing self._nextFrameT from 0.03333333333333333 to 0.06666666666666667
27.3316 	WARNING 	2.2075313000095775: Video catchup needed, advancing self._nextFrameT from 0.06666666666666667 to 0.1
27.3316 	WARNING 	2.2075396000000183: Video catchup needed, advancing self._nextFrameT from 0.1 to 0.13333333333333333
27.3316 	WARNING 	2.207547300000442: Video catchup needed, advancing self._nextFrameT from 0.13333333333333333 to 0.16666666666666666
27.3317 	WARNING 	2.2075547999993432: Video catchup needed, advancing self._nextFrameT from 0.16666666666666666 to 0.19999999999999998
27.3317 	WARNING 	2.2075622999982443: Video catchup needed, advancing self._nextFrameT from 0.19999999999999998 to 0.2333333333333333
27.3317 	WARNING 	2.207572400002391: Video catchup needed, advancing self._nextFrameT from 0.2333333333333333 to 0.26666666666666666
27.3317 	WARNING 	2.2075798000005307: Video catchup needed, advancing self._nextFrameT from 0.26666666666666666 to 0.3
27.3317 	WARNING 	2.207587099997909: Video catchup needed, advancing self._nextFrameT from 0.3 to 0.3333333333333333
27.3317 	WARNING 	Max reportNDroppedFrames reached, will not log any more dropped frames
27.7682 	EXP 	Created movie2 = MovieStim3(__class__=<class 'psychopy.visual.movie3.MovieStim3'>, anchor=('center', 'center'), autoLog=True, color=UNKNOWN, colorSpace=UNKNOWN, depth=0.0, filename=str(...), flipHoriz=False, flipVert=False, fps=UNKNOWN, interpolate=True, loop=False, name='movie2', noAudio=False, opacity=1, ori=method-wrapper(...), pos=array([  0., 130.]), size=None, units='pix', vframe_callback=UNKNOWN, volume=UNKNOWN, win=Window(...))
29.0848 	WARNING 	1.3165608999988763: Video catchup needed, advancing self._nextFrameT from 0.0 to 0.03333333333333333
29.0848 	WARNING 	1.3165834999963408: Video catchup needed, advancing self._nextFrameT from 0.03333333333333333 to 0.06666666666666667
29.0848 	WARNING 	1.3165933999989647: Video catchup needed, advancing self._nextFrameT from 0.06666666666666667 to 0.1
29.0849 	WARNING 	1.3166013000009116: Video catchup needed, advancing self._nextFrameT from 0.1 to 0.13333333333333333
29.0849 	WARNING 	1.316610399997444: Video catchup needed, advancing self._nextFrameT from 0.13333333333333333 to 0.16666666666666666
29.0849 	WARNING 	1.3166181999986293: Video catchup needed, advancing self._nextFrameT from 0.16666666666666666 to 0.19999999999999998
29.0849 	WARNING 	1.3166256999975303: Video catchup needed, advancing self._nextFrameT from 0.19999999999999998 to 0.2333333333333333
29.0849 	WARNING 	1.3166332999971928: Video catchup needed, advancing self._nextFrameT from 0.2333333333333333 to 0.26666666666666666
29.0849 	WARNING 	1.3166406999953324: Video catchup needed, advancing self._nextFrameT from 0.26666666666666666 to 0.3
29.0849 	WARNING 	1.3166482000087854: Video catchup needed, advancing self._nextFrameT from 0.3 to 0.3333333333333333
29.0849 	WARNING 	Max reportNDroppedFrames reached, will not log any more dropped frames
29.3421 	EXP 	Created movie3 = MovieStim3(__class__=<class 'psychopy.visual.movie3.MovieStim3'>, anchor=('center', 'center'), autoLog=True, color=UNKNOWN, colorSpace=UNKNOWN, depth=0.0, filename=str(...), flipHoriz=False, flipVert=False, fps=UNKNOWN, interpolate=True, loop=False, name='movie3', noAudio=False, opacity=1, ori=method-wrapper(...), pos=array([  0., 130.]), size=None, units='pix', vframe_callback=UNKNOWN, volume=UNKNOWN, win=Window(...))
30.6314 	WARNING 	1.2893042999930913: Video catchup needed, advancing self._nextFrameT from 0.0 to 0.03333333333333333
30.6315 	WARNING 	1.2893270999920787: Video catchup needed, advancing self._nextFrameT from 0.03333333333333333 to 0.06666666666666667
30.6315 	WARNING 	1.2893399999884423: Video catchup needed, advancing self._nextFrameT from 0.06666666666666667 to 0.1
30.6315 	WARNING 	1.2893477999896277: Video catchup needed, advancing self._nextFrameT from 0.1 to 0.13333333333333333
30.6315 	WARNING 	1.2893552000023192: Video catchup needed, advancing self._nextFrameT from 0.13333333333333333 to 0.16666666666666666
30.6315 	WARNING 	1.2893627000012202: Video catchup needed, advancing self._nextFrameT from 0.16666666666666666 to 0.19999999999999998
30.6315 	WARNING 	1.2893702000001213: Video catchup needed, advancing self._nextFrameT from 0.19999999999999998 to 0.2333333333333333
30.6315 	WARNING 	1.2893776999990223: Video catchup needed, advancing self._nextFrameT from 0.2333333333333333 to 0.26666666666666666
30.6315 	WARNING 	1.2893849999964004: Video catchup needed, advancing self._nextFrameT from 0.26666666666666666 to 0.3
30.6315 	WARNING 	1.2893920999922557: Video catchup needed, advancing self._nextFrameT from 0.3 to 0.3333333333333333
30.6315 	WARNING 	Max reportNDroppedFrames reached, will not log any more dropped frames
30.8821 	EXP 	Created movie4 = MovieStim3(__class__=<class 'psychopy.visual.movie3.MovieStim3'>, anchor=('center', 'center'), autoLog=True, color=UNKNOWN, colorSpace=UNKNOWN, depth=0.0, filename=str(...), flipHoriz=False, flipVert=False, fps=UNKNOWN, interpolate=True, loop=False, name='movie4', noAudio=False, opacity=1, ori=method-wrapper(...), pos=array([  0., 130.]), size=None, units='pix', vframe_callback=UNKNOWN, volume=UNKNOWN, win=Window(...))
31.8709 	WARNING 	0.9887614999897778: Video catchup needed, advancing self._nextFrameT from 0.0 to 0.03333333333333333
31.8709 	WARNING 	0.9887841999880038: Video catchup needed, advancing self._nextFrameT from 0.03333333333333333 to 0.06666666666666667
31.8709 	WARNING 	0.9887938999891048: Video catchup needed, advancing self._nextFrameT from 0.06666666666666667 to 0.1
31.8709 	WARNING 	0.9888014999887673: Video catchup needed, advancing self._nextFrameT from 0.1 to 0.13333333333333333
31.8710 	WARNING 	0.9888091999891913: Video catchup needed, advancing self._nextFrameT from 0.13333333333333333 to 0.16666666666666666
31.8710 	WARNING 	0.9888166999880923: Video catchup needed, advancing self._nextFrameT from 0.16666666666666666 to 0.19999999999999998
31.8710 	WARNING 	0.9888241999869933: Video catchup needed, advancing self._nextFrameT from 0.19999999999999998 to 0.2333333333333333
31.8710 	WARNING 	0.9888314999989234: Video catchup needed, advancing self._nextFrameT from 0.2333333333333333 to 0.26666666666666666
31.8710 	WARNING 	0.9888387999963015: Video catchup needed, advancing self._nextFrameT from 0.26666666666666666 to 0.3
31.8710 	WARNING 	0.9888458999921568: Video catchup needed, advancing self._nextFrameT from 0.3 to 0.3333333333333333
31.8710 	WARNING 	Max reportNDroppedFrames reached, will not log any more dropped frames
32.0677 	EXP 	window1: mouseVisible = True
32.3325 	WARNING 	Font b'HelveticaBold' was requested. No similar font found.
32.6046 	WARNING 	Font b'HelveticaBold' was requested. No similar font found.
32.8026 	WARNING 	Font b'HelveticaBold' was requested. No similar font found.
32.8420 	EXP 	Created slider = Slider(__class__=<class 'psychopy.visual.slider.Slider'>, autoDraw=False, autoLog=True, borderColor=None, color=None, colorSpace='rgb', depth=0, fillColor=None, flip=False, font='HelveticaBold', granularity=0, labelColor=None, labelHeight=0.05, labelWrapWidth=None, labels=('Very Calm', 'Medium', 'Very Anxious'), lineColor=None, markerColor=None, name='slider', opacity=None, ori=0, pos=array([ 0. , -0.2]), readOnly=False, self=UNKNOWN, size=array([1. , 0.1]), startValue=None, style=['labels45', 'whiteOnBlack'], styleTweaks=list(...), ticks=array([1, 2, 3, 4, 5]), units='height', win=Window(...))
33.0404 	EXP 	movie1: autoLog = True
33.0404 	EXP 	movie1: movie = 'C:\\Users\\cogsys_vr\\OneDrive\\HubRoom\\Projects\\SD physiology\\Experiment\\SDPhysiology\\Captures\\03_Outside.mp4'
33.0404 	EXP 	movie1: ori = 0
33.0404 	EXP 	movie2: autoLog = True
33.0404 	EXP 	movie2: movie = 'C:\\Users\\cogsys_vr\\OneDrive\\HubRoom\\Projects\\SD physiology\\Experiment\\SDPhysiology\\Captures\\04_Hallway.mp4'
33.0404 	EXP 	movie2: ori = 0
33.0404 	EXP 	movie3: autoLog = True
33.0404 	EXP 	movie3: movie = 'C:\\Users\\cogsys_vr\\OneDrive\\HubRoom\\Projects\\SD physiology\\Experiment\\SDPhysiology\\Captures\\05_Elevator.mp4'
33.0404 	EXP 	movie3: ori = 0
33.0404 	EXP 	movie4: autoLog = True
33.0404 	EXP 	movie4: movie = 'C:\\Users\\cogsys_vr\\OneDrive\\HubRoom\\Projects\\SD physiology\\Experiment\\SDPhysiology\\Captures\\06_Hall.mp4'
33.0404 	EXP 	movie4: ori = 0
33.0404 	EXP 	slider: autoLog = True
33.0404 	EXP 	slider: markerPos = None
33.0404 	EXP 	slider: styleTweaks = []
33.0404 	EXP 	slider: styleTweaks = ['l', 'a', 'b', 'e', 'l', 's', '4', '5']
33.0404 	EXP 	slider: styleTweaks = ['l', 'a', 'b', 'e', 'l', 's', '4', '5', 'w', 'h', 'i', 't', 'e', 'O', 'n', 'B', 'l', 'a', 'c', 'k']
33.0404 	EXP 	slider: styleTweaks = ['l', 'a', 'b', 'e', 'l', 's', '4', '5', 'w', 'h', 'i', 't', 'e', 'O', 'n', 'B', 'l', 'a', 'c', 'k']
33.0404 	EXP 	slider: styleTweaks = ['l', 'a', 'b', 'e', 'l', 's', '4', '5', 'w', 'h', 'i', 't', 'e', 'O', 'n', 'B', 'l', 'a', 'c', 'k', 'l', 'a', 'b', 'e', 'l', 's', '4', '5']
33.0404 	EXP 	slider: styleTweaks = ['l', 'a', 'b', 'e', 'l', 's', '4', '5', 'w', 'h', 'i', 't', 'e', 'O', 'n', 'B', 'l', 'a', 'c', 'k', 'l', 'a', 'b', 'e', 'l', 's', '4', '5', 'w', 'h', 'i', 't', 'e', 'O', 'n', 'B', 'l', 'a', 'c', 'k']
33.0404 	EXP 	slider: contrast = 1.0
33.0404 	EXP 	slider: autoLog = True
33.0404 	EXP 	Inst: autoDraw = True
34.9083 	DATA 	Mouse: Left button down, pos=(1144,347)
35.0213 	DATA 	Mouse:  Left button up, pos=(1144,347)
42.8699 	EXP 	Inst: autoDraw = False
42.8699 	EXP 	slider: markerPos = None
42.8699 	EXP 	slider: markerPos = None
42.8699 	EXP 	movie1: autoDraw = True
42.8699 	EXP 	slider: autoDraw = True
45.4449 	DATA 	Mouse: Left button down, pos=(470,328)
45.4673 	EXP 	slider: markerPos = 1.185185194015503
45.4846 	EXP 	slider: markerPos = 1.185185194015503
45.5006 	EXP 	slider: markerPos = 1.185185194015503
45.5174 	EXP 	slider: markerPos = 1.185185194015503
45.5346 	EXP 	slider: markerPos = 1.185185194015503
45.5674 	EXP 	slider: markerPos = 1.185185194015503
45.5839 	EXP 	slider: markerPos = 1.185185194015503
45.6008 	EXP 	slider: markerPos = 1.185185194015503
45.6070 	DATA 	Mouse:  Left button up, pos=(470,328)
45.6181 	EXP 	slider: markerPos = 1.185185194015503
46.1737 	DATA 	Mouse: Left button down, pos=(470,328)
46.1847 	EXP 	slider: markerPos = 1.185185194015503
46.2005 	EXP 	slider: markerPos = 1.185185194015503
46.2175 	EXP 	slider: markerPos = 1.185185194015503
46.2346 	EXP 	slider: markerPos = 1.185185194015503
46.2506 	EXP 	slider: markerPos = 1.185185194015503
46.2672 	EXP 	slider: markerPos = 1.185185194015503
46.2839 	EXP 	slider: markerPos = 1.185185194015503
46.3005 	EXP 	slider: markerPos = 1.185185194015503
46.3174 	EXP 	slider: markerPos = 1.185185194015503
46.3347 	EXP 	slider: markerPos = 1.185185194015503
46.3505 	EXP 	slider: markerPos = 1.185185194015503
46.3672 	EXP 	slider: markerPos = 1.185185194015503
46.3842 	EXP 	slider: markerPos = 1.1666666269302368
46.4015 	EXP 	slider: markerPos = 1.1629629135131836
46.4172 	EXP 	slider: markerPos = 1.1481481790542603
46.4338 	EXP 	slider: markerPos = 1.144444465637207
46.4506 	EXP 	slider: markerPos = 1.1370370388031006
46.4673 	EXP 	slider: markerPos = 1.1370370388031006
46.4839 	EXP 	slider: markerPos = 1.125925898551941
46.5014 	EXP 	slider: markerPos = 1.1185184717178345
46.5172 	EXP 	slider: markerPos = 1.100000023841858
46.5340 	EXP 	slider: markerPos = 1.0888888835906982
46.5506 	EXP 	slider: markerPos = 1.025925874710083
46.5681 	EXP 	slider: markerPos = 1.0037037134170532
46.5847 	EXP 	slider: markerPos = 0.9555554389953613
46.6013 	EXP 	slider: markerPos = 0.9518518447875977
46.6173 	EXP 	slider: markerPos = 0.948148250579834
46.6339 	EXP 	slider: markerPos = 0.948148250579834
46.6506 	EXP 	slider: markerPos = 0.948148250579834
46.6672 	EXP 	slider: markerPos = 0.948148250579834
46.6841 	EXP 	slider: markerPos = 0.948148250579834
46.7005 	EXP 	slider: markerPos = 0.948148250579834
46.7174 	EXP 	slider: markerPos = 0.948148250579834
46.7347 	EXP 	slider: markerPos = 0.948148250579834
46.7506 	EXP 	slider: markerPos = 0.948148250579834
46.7674 	EXP 	slider: markerPos = 0.948148250579834
46.7840 	EXP 	slider: markerPos = 0.948148250579834
46.8006 	EXP 	slider: markerPos = 0.9444444179534912
46.8173 	EXP 	slider: markerPos = 0.9444444179534912
46.8340 	EXP 	slider: markerPos = 0.9444444179534912
46.8506 	EXP 	slider: markerPos = 0.9444444179534912
46.8675 	EXP 	slider: markerPos = 0.9444444179534912
46.8848 	EXP 	slider: markerPos = 0.9444444179534912
46.9012 	EXP 	slider: markerPos = 0.9444444179534912
46.9173 	EXP 	slider: markerPos = 0.9444444179534912
46.9346 	EXP 	slider: markerPos = 0.9444444179534912
46.9407 	DATA 	Mouse:  Left button up, pos=(405,305)
46.9507 	EXP 	slider: markerPos = 1.0
169.1439 	DATA 	Mouse: Left button down, pos=(689,335)
169.1663 	EXP 	slider: markerPos = 1.9962962865829468
169.1830 	EXP 	slider: markerPos = 1.9962962865829468
169.1999 	EXP 	slider: markerPos = 1.9962962865829468
169.2159 	EXP 	slider: markerPos = 1.9962962865829468
169.2323 	EXP 	slider: markerPos = 1.9962962865829468
169.2490 	EXP 	slider: markerPos = 1.9962962865829468
169.2664 	EXP 	slider: markerPos = 1.9962962865829468
169.2823 	EXP 	slider: markerPos = 1.9962962865829468
169.2991 	EXP 	slider: markerPos = 1.9962962865829468
169.3157 	EXP 	slider: markerPos = 1.9962962865829468
169.3225 	DATA 	Mouse:  Left button up, pos=(689,335)
169.3325 	EXP 	slider: markerPos = 1.9962962865829468
169.3497 	EXP 	slider: markerPos = 1.9962962865829468
175.4387 	DATA 	Mouse: Left button down, pos=(415,330)
175.4489 	EXP 	slider: markerPos = 0.9814815521240234
175.4657 	EXP 	slider: markerPos = 0.9814815521240234
175.4832 	EXP 	slider: markerPos = 0.9814815521240234
175.4992 	EXP 	slider: markerPos = 0.9814815521240234
175.5156 	EXP 	slider: markerPos = 0.9814815521240234
175.5322 	EXP 	slider: markerPos = 0.9814815521240234
175.5489 	EXP 	slider: markerPos = 0.9814815521240234
175.5657 	EXP 	slider: markerPos = 0.9814815521240234
175.5720 	DATA 	Mouse:  Left button up, pos=(415,330)
175.5825 	EXP 	slider: markerPos = 1.0
186.2110 	DATA 	Mouse: Left button down, pos=(943,328)
186.2330 	EXP 	slider: markerPos = 2.9370370358228683
186.2497 	EXP 	slider: markerPos = 2.9370370358228683
186.2670 	EXP 	slider: markerPos = 2.9370370358228683
186.2838 	EXP 	slider: markerPos = 2.9370370358228683
186.3002 	EXP 	slider: markerPos = 2.9370370358228683
186.3163 	EXP 	slider: markerPos = 2.9370370358228683
186.3328 	EXP 	slider: markerPos = 2.9370370358228683
186.3495 	EXP 	slider: markerPos = 2.9370370358228683
186.3663 	EXP 	slider: markerPos = 2.9370370358228683
186.3786 	DATA 	Mouse:  Left button up, pos=(943,328)
186.3836 	EXP 	slider: markerPos = 2.9370370358228683
186.3996 	EXP 	slider: markerPos = 2.9370370358228683
188.4177 	DATA 	Mouse: Left button down, pos=(422,323)
188.4336 	EXP 	slider: markerPos = 1.0074074268341064
188.4506 	EXP 	slider: markerPos = 1.0074074268341064
188.4661 	EXP 	slider: markerPos = 1.0074074268341064
188.4834 	EXP 	slider: markerPos = 1.0074074268341064
188.5004 	EXP 	slider: markerPos = 1.0074074268341064
188.5168 	EXP 	slider: markerPos = 1.0074074268341064
188.5338 	EXP 	slider: markerPos = 1.0074074268341064
188.5503 	EXP 	slider: markerPos = 1.0074074268341064
188.5674 	EXP 	slider: markerPos = 1.0074074268341064
188.5739 	DATA 	Mouse:  Left button up, pos=(422,323)
188.5847 	EXP 	slider: markerPos = 1.0074074268341064
213.7777 	DATA 	Mouse: Left button down, pos=(911,337)
213.7997 	EXP 	slider: markerPos = 2.8185185194015503
213.8159 	EXP 	slider: markerPos = 2.8185185194015503
213.8325 	EXP 	slider: markerPos = 2.8185185194015503
213.8492 	EXP 	slider: markerPos = 2.8185185194015503
213.8660 	EXP 	slider: markerPos = 2.8185185194015503
213.8842 	EXP 	slider: markerPos = 2.8185185194015503
213.9001 	EXP 	slider: markerPos = 2.8185185194015503
213.9167 	EXP 	slider: markerPos = 2.8185185194015503
213.9341 	EXP 	slider: markerPos = 2.8185185194015503
213.9467 	DATA 	Mouse:  Left button up, pos=(911,337)
213.9499 	EXP 	slider: markerPos = 2.8185185194015503
213.9665 	EXP 	slider: markerPos = 2.8185185194015503
219.0219 	DATA 	Mouse: Left button down, pos=(423,340)
219.0680 	EXP 	slider: markerPos = 1.0111111402511597
219.0992 	EXP 	slider: markerPos = 1.0111111402511597
219.1152 	EXP 	slider: markerPos = 1.0111111402511597
219.1317 	EXP 	slider: markerPos = 1.0111111402511597
219.1483 	EXP 	slider: markerPos = 1.0111111402511597
219.1650 	EXP 	slider: markerPos = 1.0111111402511597
219.1818 	EXP 	slider: markerPos = 1.0111111402511597
219.1993 	EXP 	slider: markerPos = 1.0111111402511597
219.2056 	DATA 	Mouse:  Left button up, pos=(423,340)
219.2151 	EXP 	slider: markerPos = 1.0111111402511597
220.7054 	DATA 	Mouse: Left button down, pos=(950,333)
220.7157 	EXP 	slider: markerPos = 2.9629629626870155
220.7318 	EXP 	slider: markerPos = 2.9629629626870155
220.7484 	EXP 	slider: markerPos = 2.9629629626870155
220.7650 	EXP 	slider: markerPos = 2.9629629626870155
220.7817 	EXP 	slider: markerPos = 2.9629629626870155
220.7984 	EXP 	slider: markerPos = 2.9629629626870155
220.8151 	EXP 	slider: markerPos = 2.9629629626870155
220.8318 	EXP 	slider: markerPos = 2.9629629626870155
220.8492 	EXP 	slider: markerPos = 2.9629629626870155
220.8496 	DATA 	Mouse:  Left button up, pos=(950,333)
220.8650 	EXP 	slider: markerPos = 2.9629629626870155
223.6048 	DATA 	Mouse: Left button down, pos=(419,334)
223.6151 	EXP 	slider: markerPos = 0.9962964057922363
223.6318 	EXP 	slider: markerPos = 0.9962964057922363
223.6483 	EXP 	slider: markerPos = 0.9962964057922363
223.6650 	EXP 	slider: markerPos = 0.9962964057922363
223.6818 	EXP 	slider: markerPos = 0.9962964057922363
223.6992 	EXP 	slider: markerPos = 0.9962964057922363
223.7152 	EXP 	slider: markerPos = 0.9962964057922363
223.7324 	EXP 	slider: markerPos = 0.9962964057922363
223.7392 	DATA 	Mouse:  Left button up, pos=(419,334)
223.7484 	EXP 	slider: markerPos = 1.0
280.8191 	DATA 	Mouse: Left button down, pos=(884,332)
280.8477 	EXP 	slider: markerPos = 2.7185185253620148
280.8643 	EXP 	slider: markerPos = 2.7185185253620148
280.8810 	EXP 	slider: markerPos = 2.7185185253620148
280.8977 	EXP 	slider: markerPos = 2.7185185253620148
280.9149 	EXP 	slider: markerPos = 2.7185185253620148
280.9310 	EXP 	slider: markerPos = 2.7185185253620148
280.9485 	EXP 	slider: markerPos = 2.7185185253620148
280.9650 	EXP 	slider: markerPos = 2.7185185253620148
280.9810 	EXP 	slider: markerPos = 2.7185185253620148
280.9875 	DATA 	Mouse:  Left button up, pos=(884,332)
280.9978 	EXP 	slider: markerPos = 2.7185185253620148
281.0145 	EXP 	slider: markerPos = 2.7185185253620148
283.2057 	DATA 	Mouse: Left button down, pos=(422,330)
283.2144 	EXP 	slider: markerPos = 1.0074074268341064
283.2317 	EXP 	slider: markerPos = 1.0074074268341064
283.2476 	EXP 	slider: markerPos = 1.0074074268341064
283.2645 	EXP 	slider: markerPos = 1.0074074268341064
283.2810 	EXP 	slider: markerPos = 1.0074074268341064
283.2976 	EXP 	slider: markerPos = 1.0074074268341064
283.3142 	EXP 	slider: markerPos = 1.0074074268341064
283.3309 	EXP 	slider: markerPos = 1.0074074268341064
283.3477 	EXP 	slider: markerPos = 1.0074074268341064
283.3481 	DATA 	Mouse:  Left button up, pos=(422,330)
283.3642 	EXP 	slider: markerPos = 1.0074074268341064
314.5713 	DATA 	Mouse: Left button down, pos=(945,339)
314.5811 	EXP 	slider: markerPos = 2.9444444440305233
314.5979 	EXP 	slider: markerPos = 2.9444444440305233
314.6146 	EXP 	slider: markerPos = 2.9444444440305233
314.6321 	EXP 	slider: markerPos = 2.9444444440305233
314.6486 	EXP 	slider: markerPos = 2.9444444440305233
314.6656 	EXP 	slider: markerPos = 2.940740741789341
314.6904 	EXP 	slider: markerPos = 2.925925925374031
314.7141 	EXP 	slider: markerPos = 2.9185185208916664
314.7204 	DATA 	Mouse:  Left button up, pos=(938,336)
314.7315 	EXP 	slider: markerPos = 2.9185185208916664
317.2368 	DATA 	Mouse: Left button down, pos=(418,328)
317.2472 	EXP 	slider: markerPos = 0.9925925731658936
317.2639 	EXP 	slider: markerPos = 0.9925925731658936
317.2813 	EXP 	slider: markerPos = 0.9925925731658936
317.2973 	EXP 	slider: markerPos = 0.9925925731658936
317.3151 	EXP 	slider: markerPos = 0.9925925731658936
317.3305 	EXP 	slider: markerPos = 0.9925925731658936
317.3471 	EXP 	slider: markerPos = 0.9925925731658936
317.3640 	EXP 	slider: markerPos = 0.9925925731658936
317.3805 	EXP 	slider: markerPos = 0.9925925731658936
317.3971 	EXP 	slider: markerPos = 0.9925925731658936
317.4035 	DATA 	Mouse:  Left button up, pos=(418,328)
317.4139 	EXP 	slider: markerPos = 1.0
322.6041 	DATA 	Mouse: Left button down, pos=(686,320)
322.6138 	EXP 	slider: markerPos = 1.985185146331787
322.6304 	EXP 	slider: markerPos = 1.985185146331787
322.6479 	EXP 	slider: markerPos = 1.9814814329147339
322.6650 	EXP 	slider: markerPos = 1.9814814329147339
322.6804 	EXP 	slider: markerPos = 1.9777777194976807
322.6970 	EXP 	slider: markerPos = 1.9777777194976807
322.7137 	EXP 	slider: markerPos = 1.9777777194976807
322.7306 	EXP 	slider: markerPos = 1.9777777194976807
322.7471 	EXP 	slider: markerPos = 1.9777777194976807
322.7661 	EXP 	slider: markerPos = 1.9777777194976807
322.7725 	DATA 	Mouse:  Left button up, pos=(684,319)
322.7812 	EXP 	slider: markerPos = 1.9777777194976807
335.0518 	DATA 	Mouse: Left button down, pos=(1064,332)
335.0804 	EXP 	slider: markerPos = 3.385185182094574
335.0969 	EXP 	slider: markerPos = 3.385185182094574
335.1135 	EXP 	slider: markerPos = 3.385185182094574
335.1302 	EXP 	slider: markerPos = 3.385185182094574
335.1469 	EXP 	slider: markerPos = 3.385185182094574
335.1636 	EXP 	slider: markerPos = 3.385185182094574
335.1802 	EXP 	slider: markerPos = 3.385185182094574
335.1976 	EXP 	slider: markerPos = 3.385185182094574
335.2303 	EXP 	slider: markerPos = 3.385185182094574
335.2366 	DATA 	Mouse:  Left button up, pos=(1064,332)
335.2469 	EXP 	slider: markerPos = 3.385185182094574
337.4042 	DATA 	Mouse: Left button down, pos=(419,325)
337.4137 	EXP 	slider: markerPos = 0.9962964057922363
337.4311 	EXP 	slider: markerPos = 0.9962964057922363
337.4470 	EXP 	slider: markerPos = 0.9962964057922363
337.4640 	EXP 	slider: markerPos = 0.9962964057922363
337.4802 	EXP 	slider: markerPos = 0.9962964057922363
337.4969 	EXP 	slider: markerPos = 0.9962964057922363
337.5136 	EXP 	slider: markerPos = 0.9925925731658936
337.5304 	EXP 	slider: markerPos = 0.9925925731658936
337.5476 	EXP 	slider: markerPos = 0.9925925731658936
337.5642 	EXP 	slider: markerPos = 0.9925925731658936
337.5707 	DATA 	Mouse:  Left button up, pos=(418,325)
337.5802 	EXP 	slider: markerPos = 1.0
409.9080 	DATA 	Mouse: Left button down, pos=(683,325)
409.9293 	EXP 	slider: markerPos = 1.974074125289917
409.9462 	EXP 	slider: markerPos = 1.974074125289917
409.9641 	EXP 	slider: markerPos = 1.974074125289917
409.9794 	EXP 	slider: markerPos = 1.9703704118728638
409.9961 	EXP 	slider: markerPos = 1.9703704118728638
410.0134 	EXP 	slider: markerPos = 1.9703704118728638
410.0301 	EXP 	slider: markerPos = 1.9666666984558105
410.0462 	EXP 	slider: markerPos = 1.9666666984558105
410.0625 	EXP 	slider: markerPos = 1.9666666984558105
410.0794 	EXP 	slider: markerPos = 1.9666666984558105
410.0960 	EXP 	slider: markerPos = 1.9666666984558105
410.1142 	EXP 	slider: markerPos = 1.9666666984558105
410.1207 	DATA 	Mouse:  Left button up, pos=(681,325)
410.1294 	EXP 	slider: markerPos = 1.9666666984558105
410.1460 	EXP 	slider: markerPos = 1.9666666984558105
417.6799 	DATA 	Mouse: Left button down, pos=(414,322)
417.6967 	EXP 	slider: markerPos = 0.9777777194976807
417.7126 	EXP 	slider: markerPos = 0.9777777194976807
417.7292 	EXP 	slider: markerPos = 0.9777777194976807
417.7459 	EXP 	slider: markerPos = 0.9777777194976807
417.7626 	EXP 	slider: markerPos = 0.9777777194976807
417.7801 	EXP 	slider: markerPos = 0.9777777194976807
417.7966 	EXP 	slider: markerPos = 0.9777777194976807
417.8126 	EXP 	slider: markerPos = 0.9777777194976807
417.8293 	EXP 	slider: markerPos = 0.9777777194976807
417.8460 	EXP 	slider: markerPos = 0.9777777194976807
417.8632 	EXP 	slider: markerPos = 0.9777777194976807
417.8793 	EXP 	slider: markerPos = 0.9777777194976807
417.8797 	DATA 	Mouse:  Left button up, pos=(414,322)
417.8960 	EXP 	slider: markerPos = 1.0
422.8292 	EXP 	Set movie1 finished
424.9297 	EXP 	movie1: autoDraw = False
424.9297 	EXP 	slider: autoDraw = False
424.9297 	EXP 	slider: markerPos = None
424.9297 	EXP 	slider: markerPos = None
424.9297 	EXP 	movie2: autoDraw = True
424.9297 	EXP 	slider: autoDraw = True
426.7351 	DATA 	Mouse: Left button down, pos=(414,322)
426.7457 	EXP 	slider: markerPos = 0.9777777194976807
426.7623 	EXP 	slider: markerPos = 0.9777777194976807
426.7791 	EXP 	slider: markerPos = 0.974074125289917
426.7958 	EXP 	slider: markerPos = 0.974074125289917
426.8124 	EXP 	slider: markerPos = 0.974074125289917
426.8290 	EXP 	slider: markerPos = 0.9703702926635742
426.8457 	EXP 	slider: markerPos = 0.9703702926635742
426.8625 	EXP 	slider: markerPos = 0.9703702926635742
426.8791 	EXP 	slider: markerPos = 0.9703702926635742
426.8957 	EXP 	slider: markerPos = 0.9703702926635742
426.9132 	EXP 	slider: markerPos = 0.9703702926635742
426.9199 	DATA 	Mouse:  Left button up, pos=(412,322)
426.9296 	EXP 	slider: markerPos = 0.9703702926635742
426.9457 	EXP 	slider: markerPos = 1
472.5080 	DATA 	Mouse: Left button down, pos=(1090,322)
472.5285 	EXP 	slider: markerPos = 3.4814814925193787
472.5451 	EXP 	slider: markerPos = 3.4814814925193787
472.5617 	EXP 	slider: markerPos = 3.4814814925193787
472.5785 	EXP 	slider: markerPos = 3.4814814925193787
472.5951 	EXP 	slider: markerPos = 3.4814814925193787
472.6118 	EXP 	slider: markerPos = 3.4814814925193787
472.6285 	EXP 	slider: markerPos = 3.4814814925193787
472.6457 	EXP 	slider: markerPos = 3.4814814925193787
472.6626 	EXP 	slider: markerPos = 3.4814814925193787
472.6785 	EXP 	slider: markerPos = 3.4814814925193787
472.6951 	EXP 	slider: markerPos = 3.4814814925193787
472.7117 	EXP 	slider: markerPos = 3.4814814925193787
472.7287 	EXP 	slider: markerPos = 3.4814814925193787
472.7451 	EXP 	slider: markerPos = 3.4814814925193787
472.7618 	EXP 	slider: markerPos = 3.4814814925193787
472.7743 	DATA 	Mouse:  Left button up, pos=(1090,322)
472.7785 	EXP 	slider: markerPos = 3.4814814925193787
472.7953 	EXP 	slider: markerPos = 3.4814814925193787
481.0059 	DATA 	Mouse: Left button down, pos=(420,321)
481.0291 	EXP 	slider: markerPos = 1.0
481.0452 	EXP 	slider: markerPos = 1.0
481.0618 	EXP 	slider: markerPos = 1.0
481.0784 	EXP 	slider: markerPos = 1.0
481.0951 	EXP 	slider: markerPos = 1.0
481.1120 	EXP 	slider: markerPos = 1.0
481.1284 	EXP 	slider: markerPos = 1.0
481.1450 	EXP 	slider: markerPos = 1.0
481.1618 	EXP 	slider: markerPos = 1.0
481.1785 	EXP 	slider: markerPos = 1.0
481.1959 	EXP 	slider: markerPos = 1.0
481.2021 	DATA 	Mouse:  Left button up, pos=(420,321)
481.2118 	EXP 	slider: markerPos = 1.0
537.5720 	DATA 	Mouse: Left button down, pos=(695,328)
537.5952 	EXP 	slider: markerPos = 2.0185185074806213
537.6111 	EXP 	slider: markerPos = 2.0185185074806213
537.6278 	EXP 	slider: markerPos = 2.0185185074806213
537.6452 	EXP 	slider: markerPos = 2.0185185074806213
537.6610 	EXP 	slider: markerPos = 2.0185185074806213
537.6777 	EXP 	slider: markerPos = 2.0185185074806213
537.6946 	EXP 	slider: markerPos = 2.0185185074806213
537.7110 	EXP 	slider: markerPos = 2.0185185074806213
537.7277 	EXP 	slider: markerPos = 2.0185185074806213
537.7404 	DATA 	Mouse:  Left button up, pos=(695,328)
537.7444 	EXP 	slider: markerPos = 2.0185185074806213
537.7614 	EXP 	slider: markerPos = 2.0185185074806213
539.0347 	DATA 	Mouse: Left button down, pos=(766,335)
539.0444 	EXP 	slider: markerPos = 2.2814815044403076
539.0610 	EXP 	slider: markerPos = 2.2814815044403076
539.0777 	EXP 	slider: markerPos = 2.2814815044403076
539.0943 	EXP 	slider: markerPos = 2.2777777910232544
539.1110 	EXP 	slider: markerPos = 2.2777777910232544
539.1277 	EXP 	slider: markerPos = 2.2777777910232544
539.1444 	EXP 	slider: markerPos = 2.2777777910232544
539.1610 	EXP 	slider: markerPos = 2.2777777910232544
539.1778 	EXP 	slider: markerPos = 2.2777777910232544
539.1953 	EXP 	slider: markerPos = 2.2777777910232544
539.2014 	DATA 	Mouse:  Left button up, pos=(765,334)
539.2110 	EXP 	slider: markerPos = 2.2777777910232544
540.9338 	DATA 	Mouse: Left button down, pos=(677,322)
540.9443 	EXP 	slider: markerPos = 1.9518518447875977
540.9612 	EXP 	slider: markerPos = 1.9518518447875977
540.9785 	EXP 	slider: markerPos = 1.9518518447875977
540.9943 	EXP 	slider: markerPos = 1.9518518447875977
541.0110 	EXP 	slider: markerPos = 1.9518518447875977
541.0277 	EXP 	slider: markerPos = 1.9518518447875977
541.0453 	EXP 	slider: markerPos = 1.9518518447875977
541.0611 	EXP 	slider: markerPos = 1.9518518447875977
541.0674 	DATA 	Mouse:  Left button up, pos=(677,322)
541.0777 	EXP 	slider: markerPos = 1.9518518447875977
542.9176 	DATA 	Mouse: Left button down, pos=(416,333)
542.9443 	EXP 	slider: markerPos = 0.9851851463317871
542.9611 	EXP 	slider: markerPos = 0.9851851463317871
542.9776 	EXP 	slider: markerPos = 0.9851851463317871
542.9945 	EXP 	slider: markerPos = 0.9851851463317871
543.0119 	EXP 	slider: markerPos = 0.9851851463317871
543.0285 	EXP 	slider: markerPos = 0.9851851463317871
543.0443 	EXP 	slider: markerPos = 0.9851851463317871
543.0618 	EXP 	slider: markerPos = 0.9851851463317871
543.0778 	EXP 	slider: markerPos = 0.9851851463317871
543.0951 	EXP 	slider: markerPos = 0.9851851463317871
543.1069 	DATA 	Mouse:  Left button up, pos=(416,333)
543.1109 	EXP 	slider: markerPos = 0.9851851463317871
543.1276 	EXP 	slider: markerPos = 1.0
568.0023 	DATA 	Mouse: Left button down, pos=(683,316)
568.0107 	EXP 	slider: markerPos = 1.974074125289917
568.0275 	EXP 	slider: markerPos = 1.974074125289917
568.0441 	EXP 	slider: markerPos = 1.9703704118728638
568.0607 	EXP 	slider: markerPos = 1.9703704118728638
568.0781 	EXP 	slider: markerPos = 1.9666666984558105
568.0947 	EXP 	slider: markerPos = 1.9666666984558105
568.1105 	EXP 	slider: markerPos = 1.9666666984558105
568.1273 	EXP 	slider: markerPos = 1.9666666984558105
568.1336 	DATA 	Mouse:  Left button up, pos=(681,316)
568.1443 	EXP 	slider: markerPos = 1.9666666984558105
570.3717 	DATA 	Mouse: Left button down, pos=(421,317)
570.3940 	EXP 	slider: markerPos = 1.0037037134170532
570.4109 	EXP 	slider: markerPos = 1.0037037134170532
570.4272 	EXP 	slider: markerPos = 1.0
570.4441 	EXP 	slider: markerPos = 0.9962964057922363
570.4607 	EXP 	slider: markerPos = 0.9962964057922363
570.4774 	EXP 	slider: markerPos = 0.9925925731658936
570.4939 	EXP 	slider: markerPos = 0.9888889789581299
570.5111 	EXP 	slider: markerPos = 0.9888889789581299
570.5280 	EXP 	slider: markerPos = 0.9888889789581299
570.5440 	EXP 	slider: markerPos = 0.9888889789581299
570.5607 	EXP 	slider: markerPos = 0.9888889789581299
570.5668 	DATA 	Mouse:  Left button up, pos=(417,317)
570.5774 	EXP 	slider: markerPos = 1.0
638.2597 	EXP 	Set movie2 finished
639.4931 	EXP 	movie2: autoDraw = False
639.4931 	EXP 	slider: autoDraw = False
639.4931 	EXP 	slider: markerPos = None
639.4931 	EXP 	slider: markerPos = None
639.4931 	EXP 	movie3: autoDraw = True
639.4931 	EXP 	slider: autoDraw = True
642.3103 	DATA 	Mouse: Left button down, pos=(413,327)
642.3265 	EXP 	slider: markerPos = 0.974074125289917
642.3431 	EXP 	slider: markerPos = 0.974074125289917
642.3597 	EXP 	slider: markerPos = 0.974074125289917
642.3765 	EXP 	slider: markerPos = 0.974074125289917
642.3931 	EXP 	slider: markerPos = 0.974074125289917
642.4110 	EXP 	slider: markerPos = 0.974074125289917
642.4271 	EXP 	slider: markerPos = 0.974074125289917
642.4432 	EXP 	slider: markerPos = 0.974074125289917
642.4600 	EXP 	slider: markerPos = 0.974074125289917
642.4772 	EXP 	slider: markerPos = 0.974074125289917
642.4776 	DATA 	Mouse:  Left button up, pos=(413,327)
642.4930 	EXP 	slider: markerPos = 1
650.4036 	DATA 	Mouse: Right button down, pos=(1237,312)
651.6995 	DATA 	Mouse:  Right button up, pos=(1141,243)
755.5989 	DATA 	Mouse: Left button down, pos=(517,334)
755.6084 	EXP 	slider: markerPos = 1.3592592477798462
755.6250 	EXP 	slider: markerPos = 1.3592592477798462
755.6418 	EXP 	slider: markerPos = 1.3592592477798462
755.6586 	EXP 	slider: markerPos = 1.3592592477798462
755.6751 	EXP 	slider: markerPos = 1.3592592477798462
755.6918 	EXP 	slider: markerPos = 1.3592592477798462
755.7084 	EXP 	slider: markerPos = 1.3592592477798462
755.7257 	EXP 	slider: markerPos = 1.3592592477798462
755.7428 	EXP 	slider: markerPos = 1.3592592477798462
755.7591 	EXP 	slider: markerPos = 1.3592592477798462
755.7662 	DATA 	Mouse:  Left button up, pos=(517,334)
755.7758 	EXP 	slider: markerPos = 1.3592592477798462
757.3982 	DATA 	Mouse: Left button down, pos=(412,327)
757.4083 	EXP 	slider: markerPos = 0.9703702926635742
757.4250 	EXP 	slider: markerPos = 0.9703702926635742
757.4418 	EXP 	slider: markerPos = 0.9703702926635742
757.4586 	EXP 	slider: markerPos = 0.9703702926635742
757.4758 	EXP 	slider: markerPos = 0.9703702926635742
757.4916 	EXP 	slider: markerPos = 0.9703702926635742
757.5084 	EXP 	slider: markerPos = 0.9703702926635742
757.5271 	EXP 	slider: markerPos = 0.9703702926635742
757.5417 	EXP 	slider: markerPos = 0.9703702926635742
757.5585 	EXP 	slider: markerPos = 0.9703702926635742
757.5650 	DATA 	Mouse:  Left button up, pos=(412,327)
757.5757 	EXP 	slider: markerPos = 1.0
771.1319 	DATA 	Mouse: Left button down, pos=(1233,321)
771.1418 	EXP 	slider: markerPos = 4.01111114025116
771.1582 	EXP 	slider: markerPos = 4.01111114025116
771.1749 	EXP 	slider: markerPos = 4.01111114025116
771.1931 	EXP 	slider: markerPos = 4.01111114025116
771.2090 	EXP 	slider: markerPos = 4.01111114025116
771.2259 	EXP 	slider: markerPos = 4.01111114025116
771.2418 	EXP 	slider: markerPos = 4.01111114025116
771.2590 	EXP 	slider: markerPos = 4.01111114025116
771.2750 	EXP 	slider: markerPos = 4.01111114025116
771.2922 	EXP 	slider: markerPos = 4.01111114025116
771.3044 	DATA 	Mouse:  Left button up, pos=(1233,321)
771.3083 	EXP 	slider: markerPos = 4.01111114025116
771.3249 	EXP 	slider: markerPos = 4.01111114025116
783.8367 	DATA 	Mouse: Left button down, pos=(422,328)
783.8589 	EXP 	slider: markerPos = 1.0074074268341064
783.8748 	EXP 	slider: markerPos = 1.0074074268341064
783.8913 	EXP 	slider: markerPos = 1.0074074268341064
783.9081 	EXP 	slider: markerPos = 1.0074074268341064
783.9253 	EXP 	slider: markerPos = 1.0074074268341064
783.9421 	EXP 	slider: markerPos = 1.0074074268341064
783.9587 	EXP 	slider: markerPos = 1.0074074268341064
783.9756 	EXP 	slider: markerPos = 1.0074074268341064
783.9920 	EXP 	slider: markerPos = 1.0074074268341064
784.0087 	EXP 	slider: markerPos = 1.0074074268341064
784.0255 	EXP 	slider: markerPos = 1.0074074268341064
784.0419 	EXP 	slider: markerPos = 1.0074074268341064
784.0587 	EXP 	slider: markerPos = 1.0074074268341064
784.0650 	DATA 	Mouse:  Left button up, pos=(422,328)
784.0754 	EXP 	slider: markerPos = 1.0074074268341064
792.1361 	DATA 	Mouse: Left button down, pos=(1491,337)
792.1579 	EXP 	slider: markerPos = 4.9666666984558105
792.1747 	EXP 	slider: markerPos = 4.9666666984558105
792.1920 	EXP 	slider: markerPos = 4.9666666984558105
792.2088 	EXP 	slider: markerPos = 4.9666666984558105
792.2253 	EXP 	slider: markerPos = 4.9666666984558105
792.2419 	EXP 	slider: markerPos = 4.9666666984558105
792.2579 	EXP 	slider: markerPos = 4.9666666984558105
792.2747 	EXP 	slider: markerPos = 4.9666666984558105
792.2912 	EXP 	slider: markerPos = 4.9666666984558105
792.3078 	EXP 	slider: markerPos = 4.9666666984558105
792.3083 	DATA 	Mouse:  Left button up, pos=(1491,337)
792.3253 	EXP 	slider: markerPos = 4.9666666984558105
806.3643 	DATA 	Mouse: Left button down, pos=(421,323)
806.3744 	EXP 	slider: markerPos = 1.0037037134170532
806.3910 	EXP 	slider: markerPos = 1.0037037134170532
806.4077 	EXP 	slider: markerPos = 1.0037037134170532
806.4246 	EXP 	slider: markerPos = 1.0037037134170532
806.4411 	EXP 	slider: markerPos = 1.0037037134170532
806.4576 	EXP 	slider: markerPos = 1.0037037134170532
806.4743 	EXP 	slider: markerPos = 1.0037037134170532
806.4910 	EXP 	slider: markerPos = 1.0037037134170532
806.5079 	EXP 	slider: markerPos = 1.0037037134170532
806.5243 	EXP 	slider: markerPos = 1.0037037134170532
806.5308 	DATA 	Mouse:  Left button up, pos=(421,323)
806.5418 	EXP 	slider: markerPos = 1.0037037134170532
842.2787 	DATA 	Mouse: Left button down, pos=(836,347)
842.3073 	EXP 	slider: markerPos = 2.540740728378296
842.3243 	EXP 	slider: markerPos = 2.540740728378296
842.3408 	EXP 	slider: markerPos = 2.540740728378296
842.3583 	EXP 	slider: markerPos = 2.540740728378296
842.3747 	EXP 	slider: markerPos = 2.540740728378296
842.3908 	EXP 	slider: markerPos = 2.540740728378296
842.4075 	EXP 	slider: markerPos = 2.540740728378296
842.4247 	EXP 	slider: markerPos = 2.540740728378296
842.4406 	EXP 	slider: markerPos = 2.540740728378296
842.4573 	EXP 	slider: markerPos = 2.540740728378296
842.4739 	EXP 	slider: markerPos = 2.540740728378296
842.4909 	EXP 	slider: markerPos = 2.540740728378296
842.5035 	DATA 	Mouse:  Left button up, pos=(836,347)
842.5080 	EXP 	slider: markerPos = 2.540740728378296
842.5239 	EXP 	slider: markerPos = 2.540740728378296
848.1635 	DATA 	Mouse: Left button down, pos=(960,341)
848.1749 	EXP 	slider: markerPos = 3.0
848.1912 	EXP 	slider: markerPos = 3.0
848.2072 	EXP 	slider: markerPos = 3.0
848.2239 	EXP 	slider: markerPos = 3.0
848.2407 	EXP 	slider: markerPos = 3.0
848.2572 	EXP 	slider: markerPos = 3.0
848.2739 	EXP 	slider: markerPos = 3.0
848.2990 	EXP 	slider: markerPos = 3.0
848.3248 	EXP 	slider: markerPos = 3.0
848.3412 	EXP 	slider: markerPos = 3.0
848.3580 	EXP 	slider: markerPos = 3.0
848.3642 	DATA 	Mouse:  Left button up, pos=(960,341)
848.3747 	EXP 	slider: markerPos = 3.0
849.2301 	DATA 	Mouse: Left button down, pos=(413,327)
849.2411 	EXP 	slider: markerPos = 0.974074125289917
849.2572 	EXP 	slider: markerPos = 0.974074125289917
849.2739 	EXP 	slider: markerPos = 0.974074125289917
849.2906 	EXP 	slider: markerPos = 0.974074125289917
849.3073 	EXP 	slider: markerPos = 0.974074125289917
849.3241 	EXP 	slider: markerPos = 0.974074125289917
849.3413 	EXP 	slider: markerPos = 0.974074125289917
849.3573 	EXP 	slider: markerPos = 0.974074125289917
849.3748 	EXP 	slider: markerPos = 0.974074125289917
849.3907 	EXP 	slider: markerPos = 0.974074125289917
849.4073 	EXP 	slider: markerPos = 0.974074125289917
849.4136 	DATA 	Mouse:  Left button up, pos=(413,327)
849.4238 	EXP 	slider: markerPos = 0.974074125289917
849.4406 	EXP 	slider: markerPos = 1.0
857.2903 	EXP 	Set movie3 finished
858.4744 	EXP 	movie3: autoDraw = False
858.4744 	EXP 	slider: autoDraw = False
858.4744 	EXP 	slider: markerPos = None
858.4744 	EXP 	slider: markerPos = None
858.4744 	EXP 	movie4: autoDraw = True
858.4744 	EXP 	slider: autoDraw = True
859.5249 	DATA 	Mouse: Left button down, pos=(419,336)
859.5411 	EXP 	slider: markerPos = 0.9962964057922363
859.5573 	EXP 	slider: markerPos = 0.9962964057922363
859.5738 	EXP 	slider: markerPos = 0.9962964057922363
859.5904 	EXP 	slider: markerPos = 0.9962964057922363
859.6070 	EXP 	slider: markerPos = 0.9962964057922363
859.6237 	EXP 	slider: markerPos = 0.9962964057922363
859.6413 	EXP 	slider: markerPos = 0.9962964057922363
859.6577 	EXP 	slider: markerPos = 0.9962964057922363
859.6744 	EXP 	slider: markerPos = 0.9962964057922363
859.6913 	EXP 	slider: markerPos = 0.9962964057922363
859.6917 	DATA 	Mouse:  Left button up, pos=(419,336)
859.7083 	EXP 	slider: markerPos = 1
862.4142 	DATA 	Mouse: Right button down, pos=(423,334)
863.0463 	DATA 	Mouse:  Right button up, pos=(423,334)
874.8283 	DATA 	Mouse: Left button down, pos=(533,338)
874.8569 	EXP 	slider: markerPos = 1.4185185432434082
874.8750 	EXP 	slider: markerPos = 1.4185185432434082
874.9084 	EXP 	slider: markerPos = 1.4185185432434082
874.9244 	EXP 	slider: markerPos = 1.4185185432434082
874.9411 	EXP 	slider: markerPos = 1.4185185432434082
874.9588 	EXP 	slider: markerPos = 1.4185185432434082
874.9760 	EXP 	slider: markerPos = 1.4185185432434082
874.9884 	DATA 	Mouse:  Left button up, pos=(533,338)
874.9920 	EXP 	slider: markerPos = 1.4185185432434082
875.0076 	EXP 	slider: markerPos = 1.4185185432434082
877.0471 	DATA 	Mouse: Left button down, pos=(418,330)
877.0577 	EXP 	slider: markerPos = 0.9925925731658936
877.0744 	EXP 	slider: markerPos = 0.9925925731658936
877.0910 	EXP 	slider: markerPos = 0.9925925731658936
877.1068 	EXP 	slider: markerPos = 0.9925925731658936
877.1237 	EXP 	slider: markerPos = 0.9925925731658936
877.1410 	EXP 	slider: markerPos = 0.9925925731658936
877.1575 	EXP 	slider: markerPos = 0.9925925731658936
877.1735 	EXP 	slider: markerPos = 0.9925925731658936
877.1909 	EXP 	slider: markerPos = 0.9925925731658936
877.2070 	EXP 	slider: markerPos = 0.9925925731658936
877.2235 	EXP 	slider: markerPos = 0.9925925731658936
877.2240 	DATA 	Mouse:  Left button up, pos=(418,330)
877.2403 	EXP 	slider: markerPos = 1.0
901.5134 	DATA 	Mouse: Left button down, pos=(801,346)
901.5238 	EXP 	slider: markerPos = 2.4111111164093018
901.5398 	EXP 	slider: markerPos = 2.4111111164093018
901.5566 	EXP 	slider: markerPos = 2.4111111164093018
901.5732 	EXP 	slider: markerPos = 2.4111111164093018
901.5906 	EXP 	slider: markerPos = 2.4111111164093018
901.6065 	EXP 	slider: markerPos = 2.4111111164093018
901.6233 	EXP 	slider: markerPos = 2.4111111164093018
901.6398 	EXP 	slider: markerPos = 2.4111111164093018
901.6566 	EXP 	slider: markerPos = 2.4111111164093018
901.6732 	EXP 	slider: markerPos = 2.4111111164093018
901.6792 	DATA 	Mouse:  Left button up, pos=(801,346)
901.6907 	EXP 	slider: markerPos = 2.4111111164093018
902.6794 	DATA 	Mouse: Left button down, pos=(423,327)
902.6898 	EXP 	slider: markerPos = 1.0111111402511597
902.7073 	EXP 	slider: markerPos = 1.0111111402511597
902.7231 	EXP 	slider: markerPos = 1.0111111402511597
902.7399 	EXP 	slider: markerPos = 1.0111111402511597
902.7565 	EXP 	slider: markerPos = 1.0111111402511597
902.7732 	EXP 	slider: markerPos = 1.0111111402511597
902.7898 	EXP 	slider: markerPos = 1.0074074268341064
902.8071 	EXP 	slider: markerPos = 1.0074074268341064
902.8239 	EXP 	slider: markerPos = 1.0037037134170532
902.8405 	EXP 	slider: markerPos = 1.0037037134170532
902.8467 	DATA 	Mouse:  Left button up, pos=(421,327)
902.8565 	EXP 	slider: markerPos = 1.0037037134170532
922.7848 	DATA 	Mouse: Left button down, pos=(688,336)
922.8064 	EXP 	slider: markerPos = 1.9925925731658936
922.8230 	EXP 	slider: markerPos = 1.9925925731658936
922.8396 	EXP 	slider: markerPos = 1.9925925731658936
922.8564 	EXP 	slider: markerPos = 1.9925925731658936
922.8730 	EXP 	slider: markerPos = 1.9925925731658936
922.8896 	EXP 	slider: markerPos = 1.9925925731658936
922.9064 	EXP 	slider: markerPos = 1.9925925731658936
922.9238 	EXP 	slider: markerPos = 1.9925925731658936
922.9397 	EXP 	slider: markerPos = 1.9925925731658936
922.9463 	DATA 	Mouse:  Left button up, pos=(688,336)
922.9563 	EXP 	slider: markerPos = 1.9925925731658936
926.0128 	DATA 	Mouse: Left button down, pos=(415,330)
926.0228 	EXP 	slider: markerPos = 0.9814815521240234
926.0395 	EXP 	slider: markerPos = 0.9814815521240234
926.0563 	EXP 	slider: markerPos = 0.9814815521240234
926.0735 	EXP 	slider: markerPos = 0.9814815521240234
926.0897 	EXP 	slider: markerPos = 0.9814815521240234
926.1061 	EXP 	slider: markerPos = 0.9814815521240234
926.1228 	EXP 	slider: markerPos = 0.9814815521240234
926.1395 	EXP 	slider: markerPos = 0.9814815521240234
926.1562 	EXP 	slider: markerPos = 0.9814815521240234
926.1728 	EXP 	slider: markerPos = 0.9814815521240234
926.1902 	EXP 	slider: markerPos = 0.9814815521240234
926.2061 	EXP 	slider: markerPos = 0.9814815521240234
926.2230 	EXP 	slider: markerPos = 0.9814815521240234
926.2234 	DATA 	Mouse:  Left button up, pos=(415,330)
926.2397 	EXP 	slider: markerPos = 1.0
942.2135 	DATA 	Mouse: Left button down, pos=(874,331)
942.2227 	EXP 	slider: markerPos = 2.6814814805984497
942.2393 	EXP 	slider: markerPos = 2.6814814805984497
942.2562 	EXP 	slider: markerPos = 2.6814814805984497
942.2726 	EXP 	slider: markerPos = 2.6814814805984497
942.2897 	EXP 	slider: markerPos = 2.6814814805984497
942.3060 	EXP 	slider: markerPos = 2.6814814805984497
942.3227 	EXP 	slider: markerPos = 2.6814814805984497
942.3394 	EXP 	slider: markerPos = 2.6814814805984497
942.3561 	EXP 	slider: markerPos = 2.6814814805984497
942.3727 	EXP 	slider: markerPos = 2.6814814805984497
942.3791 	DATA 	Mouse:  Left button up, pos=(874,331)
942.3901 	EXP 	slider: markerPos = 2.6814814805984497
944.1802 	DATA 	Mouse: Left button down, pos=(414,331)
944.1909 	EXP 	slider: markerPos = 0.9777777194976807
944.2074 	EXP 	slider: markerPos = 0.9777777194976807
944.2235 	EXP 	slider: markerPos = 0.9777777194976807
944.2401 	EXP 	slider: markerPos = 0.9777777194976807
944.2568 	EXP 	slider: markerPos = 0.9777777194976807
944.2726 	EXP 	slider: markerPos = 0.9777777194976807
944.2895 	EXP 	slider: markerPos = 0.9777777194976807
944.3060 	EXP 	slider: markerPos = 0.9777777194976807
944.3228 	EXP 	slider: markerPos = 0.9777777194976807
944.3395 	EXP 	slider: markerPos = 0.9777777194976807
944.3572 	EXP 	slider: markerPos = 0.9777777194976807
944.3636 	DATA 	Mouse:  Left button up, pos=(414,331)
944.3727 	EXP 	slider: markerPos = 0.9777777194976807
944.3894 	EXP 	slider: markerPos = 1.0
948.3611 	DATA 	Mouse: Left button down, pos=(691,330)
948.3902 	EXP 	slider: markerPos = 2.0037037134170532
948.4073 	EXP 	slider: markerPos = 2.0037037134170532
948.4227 	EXP 	slider: markerPos = 2.0037037134170532
948.4393 	EXP 	slider: markerPos = 2.0037037134170532
948.4558 	EXP 	slider: markerPos = 2.0037037134170532
948.4727 	EXP 	slider: markerPos = 2.0037037134170532
948.4894 	EXP 	slider: markerPos = 2.0037037134170532
948.5059 	EXP 	slider: markerPos = 2.0037037134170532
948.5227 	EXP 	slider: markerPos = 2.0037037134170532
948.5292 	DATA 	Mouse:  Left button up, pos=(691,330)
948.5393 	EXP 	slider: markerPos = 2.0037037134170532
948.5561 	EXP 	slider: markerPos = 2.0037037134170532
950.4231 	DATA 	Mouse: Left button down, pos=(423,332)
950.4392 	EXP 	slider: markerPos = 1.0111111402511597
950.4560 	EXP 	slider: markerPos = 1.0111111402511597
950.4725 	EXP 	slider: markerPos = 1.0111111402511597
950.4892 	EXP 	slider: markerPos = 1.0111111402511597
950.5058 	EXP 	slider: markerPos = 1.0111111402511597
950.5226 	EXP 	slider: markerPos = 1.0111111402511597
950.5392 	EXP 	slider: markerPos = 1.0111111402511597
950.5560 	EXP 	slider: markerPos = 1.0111111402511597
950.5732 	EXP 	slider: markerPos = 1.0111111402511597
950.5899 	EXP 	slider: markerPos = 1.0111111402511597
950.6058 	EXP 	slider: markerPos = 1.0111111402511597
950.6226 	EXP 	slider: markerPos = 1.0074074268341064
950.6392 	EXP 	slider: markerPos = 1.0074074268341064
950.6458 	DATA 	Mouse:  Left button up, pos=(422,332)
950.6559 	EXP 	slider: markerPos = 1.0074074268341064
969.7236 	DATA 	Mouse: Left button down, pos=(663,333)
969.7392 	EXP 	slider: markerPos = 1.899999976158142
969.7557 	EXP 	slider: markerPos = 1.899999976158142
969.7726 	EXP 	slider: markerPos = 1.899999976158142
969.7892 	EXP 	slider: markerPos = 1.899999976158142
969.8058 	EXP 	slider: markerPos = 1.899999976158142
969.8224 	EXP 	slider: markerPos = 1.899999976158142
969.8391 	EXP 	slider: markerPos = 1.899999976158142
969.8559 	EXP 	slider: markerPos = 1.899999976158142
969.8725 	EXP 	slider: markerPos = 1.899999976158142
969.8898 	EXP 	slider: markerPos = 1.899999976158142
969.9057 	EXP 	slider: markerPos = 1.899999976158142
969.9125 	DATA 	Mouse:  Left button up, pos=(663,333)
969.9226 	EXP 	slider: markerPos = 1.899999976158142
971.8458 	DATA 	Mouse: Left button down, pos=(423,322)
971.8558 	EXP 	slider: markerPos = 1.0111111402511597
971.8730 	EXP 	slider: markerPos = 1.0111111402511597
971.8891 	EXP 	slider: markerPos = 1.0111111402511597
971.9056 	EXP 	slider: markerPos = 1.0111111402511597
971.9223 	EXP 	slider: markerPos = 1.0111111402511597
971.9389 	EXP 	slider: markerPos = 1.0111111402511597
971.9557 	EXP 	slider: markerPos = 1.0111111402511597
971.9723 	EXP 	slider: markerPos = 1.0111111402511597
971.9892 	EXP 	slider: markerPos = 1.0111111402511597
972.0056 	EXP 	slider: markerPos = 1.0074074268341064
972.0222 	EXP 	slider: markerPos = 1.0074074268341064
972.0287 	DATA 	Mouse:  Left button up, pos=(422,322)
972.0390 	EXP 	slider: markerPos = 1.0074074268341064
972.0558 	EXP 	slider: markerPos = 1.0074074268341064
1004.6157 	DATA 	Mouse: Left button down, pos=(680,332)
1004.6386 	EXP 	slider: markerPos = 1.9629629850387573
1004.6559 	EXP 	slider: markerPos = 1.9629629850387573
1004.6725 	EXP 	slider: markerPos = 1.9629629850387573
1004.6886 	EXP 	slider: markerPos = 1.9629629850387573
1004.7054 	EXP 	slider: markerPos = 1.9629629850387573
1004.7219 	EXP 	slider: markerPos = 1.9629629850387573
1004.7387 	EXP 	slider: markerPos = 1.9629629850387573
1004.7560 	EXP 	slider: markerPos = 1.9629629850387573
1004.7720 	EXP 	slider: markerPos = 1.9629629850387573
1004.7886 	EXP 	slider: markerPos = 1.9629629850387573
1004.7891 	DATA 	Mouse:  Left button up, pos=(680,332)
1004.8052 	EXP 	slider: markerPos = 1.9629629850387573
1009.0275 	DATA 	Mouse: Left button down, pos=(418,326)
1009.0552 	EXP 	slider: markerPos = 0.9925925731658936
1009.0720 	EXP 	slider: markerPos = 0.9925925731658936
1009.0887 	EXP 	slider: markerPos = 0.9925925731658936
1009.1051 	EXP 	slider: markerPos = 0.9925925731658936
1009.1219 	EXP 	slider: markerPos = 0.9925925731658936
1009.1400 	EXP 	slider: markerPos = 0.9925925731658936
1009.1563 	EXP 	slider: markerPos = 0.9925925731658936
1009.1719 	EXP 	slider: markerPos = 0.9925925731658936
1009.1891 	EXP 	slider: markerPos = 0.9925925731658936
1009.2052 	EXP 	slider: markerPos = 0.9925925731658936
1009.2178 	DATA 	Mouse:  Left button up, pos=(418,326)
1009.2218 	EXP 	slider: markerPos = 0.9925925731658936
1009.2385 	EXP 	slider: markerPos = 1.0
1013.3067 	EXP 	Set movie4 finished
1014.2054 	EXP 	movie4: autoDraw = False
1014.2054 	EXP 	slider: autoDraw = False
1014.2789 	EXP 	window1: mouseVisible = True
